<?xml version="1.0" encoding="UTF-8"?>
<!-- Generated by org.testng.reporters.JUnitReportReporter -->
<testsuite hostname="LAPTOP-R5N14JA6" failures="0" tests="1" name="testCases.TestCase2" time="8.380" errors="0" timestamp="11 Jun 2019 18:13:16 GMT">
  <testcase classname="testCases.TestCase2" name="testCase003" time="8.380"/>
</testsuite>
